[debug] [2022-12-14T07:28:30.522Z] ----------------------------------------------------------------------
[debug] [2022-12-14T07:28:30.526Z] Command:       /home/anathole/.nvm/versions/node/v16.13.0/bin/node /home/anathole/.nvm/versions/node/v16.13.0/bin/firebase deploy --only hosting:karinganire-anathole
[debug] [2022-12-14T07:28:30.527Z] CLI Version:   11.18.0
[debug] [2022-12-14T07:28:30.527Z] Platform:      linux
[debug] [2022-12-14T07:28:30.527Z] Node Version:  v16.13.0
[debug] [2022-12-14T07:28:30.536Z] Time:          Wed Dec 14 2022 09:28:30 GMT+0200 (Central Africa Time)
[debug] [2022-12-14T07:28:30.536Z] ----------------------------------------------------------------------
[debug] 
[debug] [2022-12-14T07:28:30.542Z] >>> [apiv2][query] GET https://firebase-public.firebaseio.com/cli.json [none]
[debug] [2022-12-14T07:28:30.755Z] > command requires scopes: ["email","openid","https://www.googleapis.com/auth/cloudplatformprojects.readonly","https://www.googleapis.com/auth/firebase","https://www.googleapis.com/auth/cloud-platform"]
[debug] [2022-12-14T07:28:30.757Z] > authorizing via signed-in user (aimeanathole@gmail.com)
[debug] [2022-12-14T07:28:30.757Z] [iam] checking project portifoilio for permissions ["firebase.projects.get","firebasehosting.sites.update"]
[debug] [2022-12-14T07:28:30.760Z] > refreshing access token with scopes: []
[debug] [2022-12-14T07:28:30.765Z] >>> [apiv2][query] POST https://www.googleapis.com/oauth2/v3/token [none]
[debug] [2022-12-14T07:28:30.765Z] >>> [apiv2][body] POST https://www.googleapis.com/oauth2/v3/token [omitted]
[debug] [2022-12-14T07:28:50.790Z] [iam] error while checking permissions, command may fail: FirebaseError: Authentication Error: Your credentials are no longer valid. Please run firebase login --reauth

For CI servers and headless environments, generate a new token with firebase login:ci
[debug] [2022-12-14T07:28:50.793Z] > refreshing access token with scopes: []
[debug] [2022-12-14T07:28:50.795Z] >>> [apiv2][query] POST https://www.googleapis.com/oauth2/v3/token [none]
[debug] [2022-12-14T07:28:50.796Z] >>> [apiv2][body] POST https://www.googleapis.com/oauth2/v3/token [omitted]
[debug] [2022-12-14T07:28:51.309Z] <<< [apiv2][status] GET https://firebase-public.firebaseio.com/cli.json 200
[debug] [2022-12-14T07:28:51.310Z] <<< [apiv2][body] GET https://firebase-public.firebaseio.com/cli.json {"cloudBuildErrorAfter":1594252800000,"cloudBuildWarnAfter":1590019200000,"defaultNode10After":1594252800000,"minVersion":"3.0.5","node8DeploysDisabledAfter":1613390400000,"node8RuntimeDisabledAfter":1615809600000,"node8WarnAfter":1600128000000}
[debug] [2022-12-14T07:29:10.818Z] Authentication Error: Your credentials are no longer valid. Please run firebase login --reauth

For CI servers and headless environments, generate a new token with firebase login:ci
[debug] [2022-12-14T07:29:11.470Z] FirebaseError: Authentication Error: Your credentials are no longer valid. Please run firebase login --reauth

For CI servers and headless environments, generate a new token with firebase login:ci
    at invalidCredentialError (/home/anathole/.nvm/versions/node/v16.13.0/lib/node_modules/firebase-tools/lib/auth.js:144:12)
    at refreshTokens (/home/anathole/.nvm/versions/node/v16.13.0/lib/node_modules/firebase-tools/lib/auth.js:508:15)
    at processTicksAndRejections (node:internal/process/task_queues:96:5)
    at async Client.getAccessToken (/home/anathole/.nvm/versions/node/v16.13.0/lib/node_modules/firebase-tools/lib/apiv2.js:149:23)
    at async Client.addAuthHeader (/home/anathole/.nvm/versions/node/v16.13.0/lib/node_modules/firebase-tools/lib/apiv2.js:140:21)
    at async Client.request (/home/anathole/.nvm/versions/node/v16.13.0/lib/node_modules/firebase-tools/lib/apiv2.js:96:34)
    at async getFirebaseProject (/home/anathole/.nvm/versions/node/v16.13.0/lib/node_modules/firebase-tools/lib/management/projects.js:295:21)
    at async getDefaultHostingSite (/home/anathole/.nvm/versions/node/v16.13.0/lib/node_modules/firebase-tools/lib/getDefaultHostingSite.js:8:21)
    at async requireHostingSite (/home/anathole/.nvm/versions/node/v16.13.0/lib/node_modules/firebase-tools/lib/requireHostingSite.js:9:18)
    at async Object.fn (/home/anathole/.nvm/versions/node/v16.13.0/lib/node_modules/firebase-tools/lib/commands/deploy.js:74:9)
    at async /home/anathole/.nvm/versions/node/v16.13.0/lib/node_modules/firebase-tools/lib/command.js:214:17
[error] 
[error] Error: Failed to get Firebase project portifoilio. Please make sure the project exists and your account has permission to access it.
